    OpenRGB v0.9+ (1.0rc1)
    Commit: 1fbacdea373361ecd2e0780c1db15cc3eb9aa538 from 2025-02-22 11:06:06 -0600
    Launched: 20250519_233817
====================================================================================================

66    |Info:    [ResourceManager] Initializing HID interfaces: Success
66    |Info:    ------------------------------------------------------
66    |Info:    |               Start device detection               |
66    |Info:    ------------------------------------------------------
70    |Info:    ------------------------------------------------------
70    |Info:    |             Detecting I2C interfaces               |
70    |Info:    ------------------------------------------------------
70    |Info:    [ResourceManager] Registering I2C interface: /dev/i2c-3 Device 1002:13C0 Subsystem: 1462:7E12
70    |Info:    [ResourceManager] Registering I2C interface: /dev/i2c-10 Device 10DE:2684 Subsystem: 1043:88C3
70    |Info:    [ResourceManager] Registering I2C interface: /dev/i2c-1 Device 1002:13C0 Subsystem: 1462:7E12
70    |Info:    [ResourceManager] Registering I2C interface: /dev/i2c-8 Device 1022:790B Subsystem: 1462:7E12
70    |Info:    [ResourceManager] Registering I2C interface: /dev/i2c-15 Device 10DE:2684 Subsystem: 1043:88C3
70    |Warning: [i2c_smbus_linux] Failed to read i2c device PCI device ID
70    |Info:    [ResourceManager] Registering I2C interface: /dev/i2c-6 Device 0000:0000 Subsystem: 0000:0000
70    |Info:    [ResourceManager] Registering I2C interface: /dev/i2c-13 Device 10DE:2684 Subsystem: 1043:88C3
70    |Warning: [i2c_smbus_linux] Failed to read i2c device PCI device ID
70    |Info:    [ResourceManager] Registering I2C interface: /dev/i2c-4 Device 0000:0000 Subsystem: 0000:0000
70    |Info:    [ResourceManager] Registering I2C interface: /dev/i2c-11 Device 10DE:2684 Subsystem: 1043:88C3
70    |Info:    [ResourceManager] Registering I2C interface: /dev/i2c-2 Device 1002:13C0 Subsystem: 1462:7E12
71    |Info:    [ResourceManager] Registering I2C interface: /dev/i2c-0 Device 1002:13C0 Subsystem: 1462:7E12
71    |Info:    [ResourceManager] Registering I2C interface: /dev/i2c-9 Device 1022:790B Subsystem: 1462:7E12
71    |Info:    [ResourceManager] Registering I2C interface: /dev/i2c-16 Device 10DE:2684 Subsystem: 1043:88C3
71    |Info:    [ResourceManager] Registering I2C interface: /dev/i2c-7 Device 1022:790B Subsystem: 1462:7E12
71    |Info:    [ResourceManager] Registering I2C interface: /dev/i2c-14 Device 10DE:2684 Subsystem: 1043:88C3
71    |Warning: [i2c_smbus_linux] Failed to read i2c device PCI device ID
71    |Info:    [ResourceManager] Registering I2C interface: /dev/i2c-5 Device 0000:0000 Subsystem: 0000:0000
71    |Info:    [ResourceManager] Registering I2C interface: /dev/i2c-12 Device 10DE:2684 Subsystem: 1043:88C3
71    |Info:    ------------------------------------------------------
71    |Info:    |               Detecting I2C devices                |
71    |Info:    ------------------------------------------------------
1099  |Info:    ------------------------------------------------------
1099  |Info:    |            Detecting I2C DIMM modules              |
1099  |Info:    ------------------------------------------------------
1235  |Info:    ------------------------------------------------------
1235  |Info:    |               Detecting I2C PCI devices            |
1235  |Info:    ------------------------------------------------------
1590  |Info:    [ASUS ROG STRIX GeForce RTX 4090 Gaming White OC] Registering RGB controller
2104  |Info:    ------------------------------------------------------
2104  |Info:    |               Detecting HID devices                |
2104  |Info:    ------------------------------------------------------
2178  |Info:    [MSI MAG X670E TOMAHAWK WIFI (MS-7E12)] Registering RGB controller
2251  |Info:    [Lian Li Uni Hub - SL Infinity] Registering RGB controller
3278  |Info:    [G502 LIGHTSPEED Wireless Gaming Mouse] Registering RGB controller
3278  |Info:    ------------------------------------------------------
3278  |Info:    |            Detecting libusb HID devices            |
3278  |Info:    ------------------------------------------------------
3442  |Info:    ------------------------------------------------------
3442  |Info:    |              Detecting other devices               |
3442  |Info:    ------------------------------------------------------
3451  |Info:    [ResourceManager] Calling Post-detection callbacks
3451  |Info:    ------------------------------------------------------
3451  |Info:    |                Detection completed                 |
3451  |Info:    ------------------------------------------------------
