    OpenRGB v0.9
    Commit:  from 
    Launched: 20250517_180345
====================================================================================================

1001  |Info:    ------------------------------------------------------
1001  |Info:    |               Start device detection               |
1001  |Info:    ------------------------------------------------------
1001  |Info:    Initializing HID interfaces: Success
1005  |Info:    ------------------------------------------------------
1005  |Info:    |             Detecting I2C interfaces               |
1005  |Info:    ------------------------------------------------------
1005  |Info:    Registering I2C interface: /dev/i2c-3 Device 1002:13C0 Subsystem: 1462:7E12
1005  |Info:    Registering I2C interface: /dev/i2c-10 Device 10DE:2684 Subsystem: 1043:88C3
1005  |Info:    Registering I2C interface: /dev/i2c-1 Device 1002:13C0 Subsystem: 1462:7E12
1005  |Info:    Registering I2C interface: /dev/i2c-8 Device 1022:790B Subsystem: 1462:7E12
1005  |Info:    Registering I2C interface: /dev/i2c-15 Device 10DE:2684 Subsystem: 1043:88C3
1005  |Warning: [i2c_smbus_linux] Failed to read i2c device PCI device ID
1005  |Info:    Registering I2C interface: /dev/i2c-6 Device 0000:0000 Subsystem: 0000:0000
1005  |Info:    Registering I2C interface: /dev/i2c-13 Device 10DE:2684 Subsystem: 1043:88C3
1005  |Warning: [i2c_smbus_linux] Failed to read i2c device PCI device ID
1005  |Info:    Registering I2C interface: /dev/i2c-4 Device 0000:0000 Subsystem: 0000:0000
1005  |Info:    Registering I2C interface: /dev/i2c-11 Device 10DE:2684 Subsystem: 1043:88C3
1005  |Info:    Registering I2C interface: /dev/i2c-2 Device 1002:13C0 Subsystem: 1462:7E12
1005  |Info:    Registering I2C interface: /dev/i2c-0 Device 1002:13C0 Subsystem: 1462:7E12
1005  |Info:    Registering I2C interface: /dev/i2c-9 Device 1022:790B Subsystem: 1462:7E12
1005  |Info:    Registering I2C interface: /dev/i2c-16 Device 10DE:2684 Subsystem: 1043:88C3
1005  |Info:    Registering I2C interface: /dev/i2c-7 Device 1022:790B Subsystem: 1462:7E12
1005  |Info:    Registering I2C interface: /dev/i2c-14 Device 10DE:2684 Subsystem: 1043:88C3
1005  |Warning: [i2c_smbus_linux] Failed to read i2c device PCI device ID
1005  |Info:    Registering I2C interface: /dev/i2c-5 Device 0000:0000 Subsystem: 0000:0000
1005  |Info:    Registering I2C interface: /dev/i2c-12 Device 10DE:2684 Subsystem: 1043:88C3
1005  |Info:    ------------------------------------------------------
1005  |Info:    |               Detecting I2C devices                |
1005  |Info:    ------------------------------------------------------
2042  |Info:    ------------------------------------------------------
2042  |Info:    |               Detecting I2C PCI devices            |
2042  |Info:    ------------------------------------------------------
2042  |Info:    ------------------------------------------------------
2042  |Info:    |               Detecting HID devices                |
2042  |Info:    ------------------------------------------------------
3580  |Info:    [G502 LIGHTSPEED Wireless Gaming Mouse] Registering RGB controller
3580  |Info:    ------------------------------------------------------
3580  |Info:    |            Detecting libusb HID devices            |
3580  |Info:    ------------------------------------------------------
3692  |Info:    ------------------------------------------------------
3692  |Info:    |              Detecting other devices               |
3692  |Info:    ------------------------------------------------------
3697  |Info:    ------------------------------------------------------
3697  |Info:    |                Detection completed                 |
3697  |Info:    ------------------------------------------------------
