    OpenRGB v0.9
    Commit:  from 
    Launched: 20250517_165555
====================================================================================================

1001  |Info:    Saving detector settings
1001  |Info:    ------------------------------------------------------
1001  |Info:    |               Start device detection               |
1001  |Info:    ------------------------------------------------------
1002  |Info:    Initializing HID interfaces: Success
1006  |Info:    ------------------------------------------------------
1006  |Info:    |             Detecting I2C interfaces               |
1006  |Info:    ------------------------------------------------------
1007  |Info:    Registering I2C interface: /dev/i2c-3 Device 1002:13C0 Subsystem: 1462:7E12
1007  |Info:    Registering I2C interface: /dev/i2c-1 Device 1002:13C0 Subsystem: 1462:7E12
1007  |Info:    Registering I2C interface: /dev/i2c-15 Device 10DE:2684 Subsystem: 1043:88C3
1007  |Warning: [i2c_smbus_linux] Failed to read i2c device PCI device ID
1007  |Info:    Registering I2C interface: /dev/i2c-6 Device 0000:0000 Subsystem: 0000:0000
1007  |Warning: [i2c_smbus_linux] Failed to read i2c device PCI device ID
1007  |Info:    Registering I2C interface: /dev/i2c-4 Device 0000:0000 Subsystem: 0000:0000
1007  |Info:    Registering I2C interface: /dev/i2c-2 Device 1002:13C0 Subsystem: 1462:7E12
1007  |Info:    Registering I2C interface: /dev/i2c-9 Device 1022:790B Subsystem: 1462:7E12
1007  |Info:    Registering I2C interface: /dev/i2c-7 Device 1022:790B Subsystem: 1462:7E12
1007  |Warning: [i2c_smbus_linux] Failed to read i2c device PCI device ID
1007  |Info:    Registering I2C interface: /dev/i2c-5 Device 0000:0000 Subsystem: 0000:0000
1007  |Info:    ------------------------------------------------------
1007  |Info:    |               Detecting I2C devices                |
1007  |Info:    ------------------------------------------------------
1570  |Info:    ------------------------------------------------------
1570  |Info:    |               Detecting I2C PCI devices            |
1570  |Info:    ------------------------------------------------------
1570  |Info:    ------------------------------------------------------
1570  |Info:    |               Detecting HID devices                |
1570  |Info:    ------------------------------------------------------
2992  |Info:    [G502 LIGHTSPEED Wireless Gaming Mouse] Registering RGB controller
2992  |Info:    ------------------------------------------------------
2992  |Info:    |            Detecting libusb HID devices            |
2992  |Info:    ------------------------------------------------------
3071  |Info:    ------------------------------------------------------
3071  |Info:    |              Detecting other devices               |
3071  |Info:    ------------------------------------------------------
3077  |Info:    ------------------------------------------------------
3077  |Info:    |                Detection completed                 |
3077  |Info:    ------------------------------------------------------
3077  |Dialog:  <h2>WARNING:</h2><p>One or more I2C/SMBus interfaces failed to initialize.</p><p>RGB DRAM modules and some motherboards' onboard RGB lighting will not be available without I2C/SMBus.</p><p>On Linux, this is usually because the i2c-dev module is not loaded.  You must load the i2c-dev module along with the correct i2c driver for your motherboard.  This is usually i2c-piix4 for AMD systems and i2c-i801 for Intel systems.</p><p>See <a href='https://help.openrgb.org/'>help.openrgb.org</a> for additional troubleshooting steps if you keep seeing this message.<br></p>
31884 |Info:    ------------------------------------------------------
31884 |Info:    |               Start device detection               |
31884 |Info:    ------------------------------------------------------
31884 |Info:    Initializing HID interfaces: Success
31888 |Info:    ------------------------------------------------------
31888 |Info:    |             Detecting I2C interfaces               |
31888 |Info:    ------------------------------------------------------
31888 |Info:    Registering I2C interface: /dev/i2c-3 Device 1002:13C0 Subsystem: 1462:7E12
31888 |Info:    Registering I2C interface: /dev/i2c-1 Device 1002:13C0 Subsystem: 1462:7E12
31888 |Info:    Registering I2C interface: /dev/i2c-15 Device 10DE:2684 Subsystem: 1043:88C3
31888 |Warning: [i2c_smbus_linux] Failed to read i2c device PCI device ID
31888 |Info:    Registering I2C interface: /dev/i2c-6 Device 0000:0000 Subsystem: 0000:0000
31888 |Warning: [i2c_smbus_linux] Failed to read i2c device PCI device ID
31888 |Info:    Registering I2C interface: /dev/i2c-4 Device 0000:0000 Subsystem: 0000:0000
31888 |Info:    Registering I2C interface: /dev/i2c-2 Device 1002:13C0 Subsystem: 1462:7E12
31888 |Info:    Registering I2C interface: /dev/i2c-9 Device 1022:790B Subsystem: 1462:7E12
31888 |Info:    Registering I2C interface: /dev/i2c-7 Device 1022:790B Subsystem: 1462:7E12
31888 |Warning: [i2c_smbus_linux] Failed to read i2c device PCI device ID
31888 |Info:    Registering I2C interface: /dev/i2c-5 Device 0000:0000 Subsystem: 0000:0000
31888 |Info:    ------------------------------------------------------
31888 |Info:    |               Detecting I2C devices                |
31888 |Info:    ------------------------------------------------------
32450 |Info:    ------------------------------------------------------
32450 |Info:    |               Detecting I2C PCI devices            |
32450 |Info:    ------------------------------------------------------
32450 |Info:    ------------------------------------------------------
32450 |Info:    |               Detecting HID devices                |
32450 |Info:    ------------------------------------------------------
33172 |Info:    [G502 LIGHTSPEED Wireless Gaming Mouse] Registering RGB controller
33172 |Info:    ------------------------------------------------------
33172 |Info:    |            Detecting libusb HID devices            |
33172 |Info:    ------------------------------------------------------
33244 |Info:    ------------------------------------------------------
33244 |Info:    |              Detecting other devices               |
33244 |Info:    ------------------------------------------------------
33244 |Info:    ------------------------------------------------------
33244 |Info:    |                Detection completed                 |
33244 |Info:    ------------------------------------------------------
33244 |Dialog:  <h2>WARNING:</h2><p>One or more I2C/SMBus interfaces failed to initialize.</p><p>RGB DRAM modules and some motherboards' onboard RGB lighting will not be available without I2C/SMBus.</p><p>On Linux, this is usually because the i2c-dev module is not loaded.  You must load the i2c-dev module along with the correct i2c driver for your motherboard.  This is usually i2c-piix4 for AMD systems and i2c-i801 for Intel systems.</p><p>See <a href='https://help.openrgb.org/'>help.openrgb.org</a> for additional troubleshooting steps if you keep seeing this message.<br></p>
