    OpenRGB v0.9+ (1.0rc1)
    Commit: 1fbacdea373361ecd2e0780c1db15cc3eb9aa538 from 2025-02-22 11:06:06 -0600
    Launched: 20250518_023549
====================================================================================================

66    |Info:    [ResourceManager] Initializing HID interfaces: Success
66    |Info:    ------------------------------------------------------
66    |Info:    |               Start device detection               |
66    |Info:    ------------------------------------------------------
70    |Info:    ------------------------------------------------------
70    |Info:    |             Detecting I2C interfaces               |
70    |Info:    ------------------------------------------------------
70    |Info:    [ResourceManager] Registering I2C interface: /dev/i2c-3 Device 1002:13C0 Subsystem: 1462:7E12
70    |Info:    [ResourceManager] Registering I2C interface: /dev/i2c-10 Device 10DE:2684 Subsystem: 1043:88C3
70    |Info:    [ResourceManager] Registering I2C interface: /dev/i2c-1 Device 1002:13C0 Subsystem: 1462:7E12
70    |Info:    [ResourceManager] Registering I2C interface: /dev/i2c-8 Device 1022:790B Subsystem: 1462:7E12
70    |Info:    [ResourceManager] Registering I2C interface: /dev/i2c-15 Device 10DE:2684 Subsystem: 1043:88C3
71    |Warning: [i2c_smbus_linux] Failed to read i2c device PCI device ID
71    |Info:    [ResourceManager] Registering I2C interface: /dev/i2c-6 Device 0000:0000 Subsystem: 0000:0000
71    |Info:    [ResourceManager] Registering I2C interface: /dev/i2c-13 Device 10DE:2684 Subsystem: 1043:88C3
71    |Warning: [i2c_smbus_linux] Failed to read i2c device PCI device ID
71    |Info:    [ResourceManager] Registering I2C interface: /dev/i2c-4 Device 0000:0000 Subsystem: 0000:0000
71    |Info:    [ResourceManager] Registering I2C interface: /dev/i2c-11 Device 10DE:2684 Subsystem: 1043:88C3
71    |Info:    [ResourceManager] Registering I2C interface: /dev/i2c-2 Device 1002:13C0 Subsystem: 1462:7E12
71    |Info:    [ResourceManager] Registering I2C interface: /dev/i2c-0 Device 1002:13C0 Subsystem: 1462:7E12
71    |Info:    [ResourceManager] Registering I2C interface: /dev/i2c-9 Device 1022:790B Subsystem: 1462:7E12
71    |Info:    [ResourceManager] Registering I2C interface: /dev/i2c-16 Device 10DE:2684 Subsystem: 1043:88C3
71    |Info:    [ResourceManager] Registering I2C interface: /dev/i2c-7 Device 1022:790B Subsystem: 1462:7E12
71    |Info:    [ResourceManager] Registering I2C interface: /dev/i2c-14 Device 10DE:2684 Subsystem: 1043:88C3
71    |Warning: [i2c_smbus_linux] Failed to read i2c device PCI device ID
71    |Info:    [ResourceManager] Registering I2C interface: /dev/i2c-5 Device 0000:0000 Subsystem: 0000:0000
71    |Info:    [ResourceManager] Registering I2C interface: /dev/i2c-12 Device 10DE:2684 Subsystem: 1043:88C3
71    |Info:    ------------------------------------------------------
71    |Info:    |               Detecting I2C devices                |
71    |Info:    ------------------------------------------------------
1100  |Info:    ------------------------------------------------------
1100  |Info:    |            Detecting I2C DIMM modules              |
1100  |Info:    ------------------------------------------------------
1234  |Info:    ------------------------------------------------------
1234  |Info:    |               Detecting I2C PCI devices            |
1234  |Info:    ------------------------------------------------------
1595  |Info:    [ASUS ROG STRIX GeForce RTX 4090 Gaming White OC] Registering RGB controller
2111  |Info:    ------------------------------------------------------
2111  |Info:    |               Detecting HID devices                |
2111  |Info:    ------------------------------------------------------
2183  |Info:    [MSI MAG X670E TOMAHAWK WIFI (MS-7E12)] Registering RGB controller
2256  |Info:    [Lian Li Uni Hub - SL Infinity] Registering RGB controller
4452  |Info:    [G502 LIGHTSPEED Wireless Gaming Mouse] Registering RGB controller
4452  |Info:    ------------------------------------------------------
4452  |Info:    |            Detecting libusb HID devices            |
4452  |Info:    ------------------------------------------------------
4565  |Info:    ------------------------------------------------------
4565  |Info:    |              Detecting other devices               |
4565  |Info:    ------------------------------------------------------
4578  |Info:    [ResourceManager] Calling Post-detection callbacks
4578  |Info:    ------------------------------------------------------
4578  |Info:    |                Detection completed                 |
4578  |Info:    ------------------------------------------------------
617445|Info:    [ResourceManager] Initializing HID interfaces: Success
617445|Info:    ------------------------------------------------------
617445|Info:    |               Start device detection               |
617445|Info:    ------------------------------------------------------
617449|Info:    ------------------------------------------------------
617449|Info:    |             Detecting I2C interfaces               |
617449|Info:    ------------------------------------------------------
617449|Info:    [ResourceManager] Registering I2C interface: /dev/i2c-3 Device 1002:13C0 Subsystem: 1462:7E12
617449|Info:    [ResourceManager] Registering I2C interface: /dev/i2c-10 Device 10DE:2684 Subsystem: 1043:88C3
617449|Info:    [ResourceManager] Registering I2C interface: /dev/i2c-1 Device 1002:13C0 Subsystem: 1462:7E12
617449|Info:    [ResourceManager] Registering I2C interface: /dev/i2c-8 Device 1022:790B Subsystem: 1462:7E12
617449|Info:    [ResourceManager] Registering I2C interface: /dev/i2c-15 Device 10DE:2684 Subsystem: 1043:88C3
617449|Warning: [i2c_smbus_linux] Failed to read i2c device PCI device ID
617449|Info:    [ResourceManager] Registering I2C interface: /dev/i2c-6 Device 0000:0000 Subsystem: 0000:0000
617449|Info:    [ResourceManager] Registering I2C interface: /dev/i2c-13 Device 10DE:2684 Subsystem: 1043:88C3
617449|Warning: [i2c_smbus_linux] Failed to read i2c device PCI device ID
617449|Info:    [ResourceManager] Registering I2C interface: /dev/i2c-4 Device 0000:0000 Subsystem: 0000:0000
617449|Info:    [ResourceManager] Registering I2C interface: /dev/i2c-11 Device 10DE:2684 Subsystem: 1043:88C3
617449|Info:    [ResourceManager] Registering I2C interface: /dev/i2c-2 Device 1002:13C0 Subsystem: 1462:7E12
617449|Info:    [ResourceManager] Registering I2C interface: /dev/i2c-0 Device 1002:13C0 Subsystem: 1462:7E12
617449|Info:    [ResourceManager] Registering I2C interface: /dev/i2c-9 Device 1022:790B Subsystem: 1462:7E12
617449|Info:    [ResourceManager] Registering I2C interface: /dev/i2c-16 Device 10DE:2684 Subsystem: 1043:88C3
617449|Info:    [ResourceManager] Registering I2C interface: /dev/i2c-7 Device 1022:790B Subsystem: 1462:7E12
617449|Info:    [ResourceManager] Registering I2C interface: /dev/i2c-14 Device 10DE:2684 Subsystem: 1043:88C3
617449|Warning: [i2c_smbus_linux] Failed to read i2c device PCI device ID
617449|Info:    [ResourceManager] Registering I2C interface: /dev/i2c-5 Device 0000:0000 Subsystem: 0000:0000
617449|Info:    [ResourceManager] Registering I2C interface: /dev/i2c-12 Device 10DE:2684 Subsystem: 1043:88C3
617449|Info:    ------------------------------------------------------
617449|Info:    |               Detecting I2C devices                |
617449|Info:    ------------------------------------------------------
618481|Info:    ------------------------------------------------------
618481|Info:    |            Detecting I2C DIMM modules              |
618481|Info:    ------------------------------------------------------
618615|Info:    ------------------------------------------------------
618615|Info:    |               Detecting I2C PCI devices            |
618615|Info:    ------------------------------------------------------
618993|Info:    [ASUS ROG STRIX GeForce RTX 4090 Gaming White OC] Registering RGB controller
619506|Info:    ------------------------------------------------------
619506|Info:    |               Detecting HID devices                |
619506|Info:    ------------------------------------------------------
619581|Info:    [MSI MAG X670E TOMAHAWK WIFI (MS-7E12)] Registering RGB controller
619651|Info:    [Lian Li Uni Hub - SL Infinity] Registering RGB controller
620236|Info:    [G502 LIGHTSPEED Wireless Gaming Mouse] Registering RGB controller
620236|Info:    ------------------------------------------------------
620236|Info:    |            Detecting libusb HID devices            |
620236|Info:    ------------------------------------------------------
620341|Info:    ------------------------------------------------------
620341|Info:    |              Detecting other devices               |
620341|Info:    ------------------------------------------------------
620342|Info:    [ResourceManager] Calling Post-detection callbacks
620342|Info:    ------------------------------------------------------
620342|Info:    |                Detection completed                 |
620342|Info:    ------------------------------------------------------
850383|Info:    [ResourceManager] Initializing HID interfaces: Success
850383|Warning: [ResourceManager] Detection coroutine: assigned a new coroutine when one was already scheduled - probably two rescan events sent at once
850383|Info:    ------------------------------------------------------
850383|Info:    |               Start device detection               |
850383|Info:    ------------------------------------------------------
850387|Info:    ------------------------------------------------------
850387|Info:    |             Detecting I2C interfaces               |
850387|Info:    ------------------------------------------------------
850388|Info:    [ResourceManager] Registering I2C interface: /dev/i2c-3 Device 1002:13C0 Subsystem: 1462:7E12
850388|Info:    [ResourceManager] Registering I2C interface: /dev/i2c-10 Device 10DE:2684 Subsystem: 1043:88C3
850388|Info:    [ResourceManager] Registering I2C interface: /dev/i2c-1 Device 1002:13C0 Subsystem: 1462:7E12
850388|Info:    [ResourceManager] Registering I2C interface: /dev/i2c-8 Device 1022:790B Subsystem: 1462:7E12
850388|Info:    [ResourceManager] Registering I2C interface: /dev/i2c-15 Device 10DE:2684 Subsystem: 1043:88C3
850388|Warning: [i2c_smbus_linux] Failed to read i2c device PCI device ID
850388|Info:    [ResourceManager] Registering I2C interface: /dev/i2c-6 Device 0000:0000 Subsystem: 0000:0000
850388|Info:    [ResourceManager] Registering I2C interface: /dev/i2c-13 Device 10DE:2684 Subsystem: 1043:88C3
850388|Warning: [i2c_smbus_linux] Failed to read i2c device PCI device ID
850388|Info:    [ResourceManager] Registering I2C interface: /dev/i2c-4 Device 0000:0000 Subsystem: 0000:0000
850388|Info:    [ResourceManager] Registering I2C interface: /dev/i2c-11 Device 10DE:2684 Subsystem: 1043:88C3
850388|Info:    [ResourceManager] Registering I2C interface: /dev/i2c-2 Device 1002:13C0 Subsystem: 1462:7E12
850388|Info:    [ResourceManager] Registering I2C interface: /dev/i2c-0 Device 1002:13C0 Subsystem: 1462:7E12
850388|Info:    [ResourceManager] Registering I2C interface: /dev/i2c-9 Device 1022:790B Subsystem: 1462:7E12
850388|Info:    [ResourceManager] Registering I2C interface: /dev/i2c-16 Device 10DE:2684 Subsystem: 1043:88C3
850388|Info:    [ResourceManager] Registering I2C interface: /dev/i2c-7 Device 1022:790B Subsystem: 1462:7E12
850388|Info:    [ResourceManager] Registering I2C interface: /dev/i2c-14 Device 10DE:2684 Subsystem: 1043:88C3
850388|Warning: [i2c_smbus_linux] Failed to read i2c device PCI device ID
850388|Info:    [ResourceManager] Registering I2C interface: /dev/i2c-5 Device 0000:0000 Subsystem: 0000:0000
850388|Info:    [ResourceManager] Registering I2C interface: /dev/i2c-12 Device 10DE:2684 Subsystem: 1043:88C3
850388|Info:    ------------------------------------------------------
850388|Info:    |               Detecting I2C devices                |
850388|Info:    ------------------------------------------------------
851417|Info:    ------------------------------------------------------
851417|Info:    |            Detecting I2C DIMM modules              |
851417|Info:    ------------------------------------------------------
851551|Info:    ------------------------------------------------------
851551|Info:    |               Detecting I2C PCI devices            |
851551|Info:    ------------------------------------------------------
851917|Info:    [ASUS ROG STRIX GeForce RTX 4090 Gaming White OC] Registering RGB controller
852431|Info:    ------------------------------------------------------
852431|Info:    |               Detecting HID devices                |
852431|Info:    ------------------------------------------------------
852502|Info:    [MSI MAG X670E TOMAHAWK WIFI (MS-7E12)] Registering RGB controller
852553|Info:    [Lian Li Uni Hub - SL Infinity] Registering RGB controller
853133|Info:    [G502 LIGHTSPEED Wireless Gaming Mouse] Registering RGB controller
853133|Info:    ------------------------------------------------------
853133|Info:    |            Detecting libusb HID devices            |
853133|Info:    ------------------------------------------------------
853237|Info:    ------------------------------------------------------
853237|Info:    |              Detecting other devices               |
853237|Info:    ------------------------------------------------------
853238|Info:    [ResourceManager] Calling Post-detection callbacks
853238|Info:    ------------------------------------------------------
853238|Info:    |                Detection completed                 |
853238|Info:    ------------------------------------------------------
