    OpenRGB v0.9+ (1.0rc1)
    Commit: 1fbacdea373361ecd2e0780c1db15cc3eb9aa538 from 2025-02-22 11:06:06 -0600
    Launched: 20250518_025650
====================================================================================================

63    |Info:    [ResourceManager] Initializing HID interfaces: Success
63    |Info:    ------------------------------------------------------
63    |Info:    |               Start device detection               |
63    |Info:    ------------------------------------------------------
67    |Info:    ------------------------------------------------------
67    |Info:    |             Detecting I2C interfaces               |
67    |Info:    ------------------------------------------------------
67    |Info:    [ResourceManager] Registering I2C interface: /dev/i2c-3 Device 1002:13C0 Subsystem: 1462:7E12
67    |Info:    [ResourceManager] Registering I2C interface: /dev/i2c-10 Device 10DE:2684 Subsystem: 1043:88C3
67    |Info:    [ResourceManager] Registering I2C interface: /dev/i2c-1 Device 1002:13C0 Subsystem: 1462:7E12
67    |Info:    [ResourceManager] Registering I2C interface: /dev/i2c-8 Device 1022:790B Subsystem: 1462:7E12
67    |Info:    [ResourceManager] Registering I2C interface: /dev/i2c-15 Device 10DE:2684 Subsystem: 1043:88C3
67    |Warning: [i2c_smbus_linux] Failed to read i2c device PCI device ID
67    |Info:    [ResourceManager] Registering I2C interface: /dev/i2c-6 Device 0000:0000 Subsystem: 0000:0000
67    |Info:    [ResourceManager] Registering I2C interface: /dev/i2c-13 Device 10DE:2684 Subsystem: 1043:88C3
67    |Warning: [i2c_smbus_linux] Failed to read i2c device PCI device ID
67    |Info:    [ResourceManager] Registering I2C interface: /dev/i2c-4 Device 0000:0000 Subsystem: 0000:0000
67    |Info:    [ResourceManager] Registering I2C interface: /dev/i2c-11 Device 10DE:2684 Subsystem: 1043:88C3
67    |Info:    [ResourceManager] Registering I2C interface: /dev/i2c-2 Device 1002:13C0 Subsystem: 1462:7E12
67    |Info:    [ResourceManager] Registering I2C interface: /dev/i2c-0 Device 1002:13C0 Subsystem: 1462:7E12
67    |Info:    [ResourceManager] Registering I2C interface: /dev/i2c-9 Device 1022:790B Subsystem: 1462:7E12
67    |Info:    [ResourceManager] Registering I2C interface: /dev/i2c-16 Device 10DE:2684 Subsystem: 1043:88C3
67    |Info:    [ResourceManager] Registering I2C interface: /dev/i2c-7 Device 1022:790B Subsystem: 1462:7E12
67    |Info:    [ResourceManager] Registering I2C interface: /dev/i2c-14 Device 10DE:2684 Subsystem: 1043:88C3
67    |Warning: [i2c_smbus_linux] Failed to read i2c device PCI device ID
67    |Info:    [ResourceManager] Registering I2C interface: /dev/i2c-5 Device 0000:0000 Subsystem: 0000:0000
67    |Info:    [ResourceManager] Registering I2C interface: /dev/i2c-12 Device 10DE:2684 Subsystem: 1043:88C3
67    |Info:    ------------------------------------------------------
67    |Info:    |               Detecting I2C devices                |
67    |Info:    ------------------------------------------------------
1097  |Info:    ------------------------------------------------------
1097  |Info:    |            Detecting I2C DIMM modules              |
1097  |Info:    ------------------------------------------------------
1230  |Info:    ------------------------------------------------------
1230  |Info:    |               Detecting I2C PCI devices            |
1230  |Info:    ------------------------------------------------------
1608  |Info:    [ASUS ROG STRIX GeForce RTX 4090 Gaming White OC] Registering RGB controller
2122  |Info:    ------------------------------------------------------
2122  |Info:    |               Detecting HID devices                |
2122  |Info:    ------------------------------------------------------
2196  |Info:    [MSI MAG X670E TOMAHAWK WIFI (MS-7E12)] Registering RGB controller
2267  |Info:    [Lian Li Uni Hub - SL Infinity] Registering RGB controller
2760  |Warning: [G502 LIGHTSPEED Wireless Gaming Mouse] Effect at index - 03 not added: Value 0204 unrecognised
2760  |Info:    [G502 LIGHTSPEED Wireless Gaming Mouse] Registering RGB controller
2760  |Info:    ------------------------------------------------------
2760  |Info:    |            Detecting libusb HID devices            |
2760  |Info:    ------------------------------------------------------
2870  |Info:    ------------------------------------------------------
2870  |Info:    |              Detecting other devices               |
2870  |Info:    ------------------------------------------------------
2877  |Info:    [ResourceManager] Calling Post-detection callbacks
2877  |Info:    ------------------------------------------------------
2877  |Info:    |                Detection completed                 |
2877  |Info:    ------------------------------------------------------
