    OpenRGB v0.9
    Commit:  from 
    Launched: 20250517_171029
====================================================================================================

1001  |Info:    ------------------------------------------------------
1001  |Info:    |               Start device detection               |
1001  |Info:    ------------------------------------------------------
1001  |Info:    Initializing HID interfaces: Success
1007  |Info:    ------------------------------------------------------
1007  |Info:    |             Detecting I2C interfaces               |
1007  |Info:    ------------------------------------------------------
1007  |Info:    Registering I2C interface: /dev/i2c-3 Device 1002:13C0 Subsystem: 1462:7E12
1007  |Info:    Registering I2C interface: /dev/i2c-10 Device 10DE:2684 Subsystem: 1043:88C3
1007  |Info:    Registering I2C interface: /dev/i2c-1 Device 1002:13C0 Subsystem: 1462:7E12
1007  |Info:    Registering I2C interface: /dev/i2c-8 Device 1022:790B Subsystem: 1462:7E12
1007  |Info:    Registering I2C interface: /dev/i2c-15 Device 10DE:2684 Subsystem: 1043:88C3
1007  |Warning: [i2c_smbus_linux] Failed to read i2c device PCI device ID
1007  |Info:    Registering I2C interface: /dev/i2c-6 Device 0000:0000 Subsystem: 0000:0000
1007  |Info:    Registering I2C interface: /dev/i2c-13 Device 10DE:2684 Subsystem: 1043:88C3
1007  |Warning: [i2c_smbus_linux] Failed to read i2c device PCI device ID
1007  |Info:    Registering I2C interface: /dev/i2c-4 Device 0000:0000 Subsystem: 0000:0000
1007  |Info:    Registering I2C interface: /dev/i2c-11 Device 10DE:2684 Subsystem: 1043:88C3
1008  |Info:    Registering I2C interface: /dev/i2c-2 Device 1002:13C0 Subsystem: 1462:7E12
1008  |Info:    Registering I2C interface: /dev/i2c-0 Device 1002:13C0 Subsystem: 1462:7E12
1008  |Info:    Registering I2C interface: /dev/i2c-9 Device 1022:790B Subsystem: 1462:7E12
1008  |Info:    Registering I2C interface: /dev/i2c-16 Device 10DE:2684 Subsystem: 1043:88C3
1008  |Info:    Registering I2C interface: /dev/i2c-7 Device 1022:790B Subsystem: 1462:7E12
1008  |Info:    Registering I2C interface: /dev/i2c-14 Device 10DE:2684 Subsystem: 1043:88C3
1008  |Warning: [i2c_smbus_linux] Failed to read i2c device PCI device ID
1008  |Info:    Registering I2C interface: /dev/i2c-5 Device 0000:0000 Subsystem: 0000:0000
1008  |Info:    Registering I2C interface: /dev/i2c-12 Device 10DE:2684 Subsystem: 1043:88C3
1008  |Info:    ------------------------------------------------------
1008  |Info:    |               Detecting I2C devices                |
1008  |Info:    ------------------------------------------------------
2044  |Info:    ------------------------------------------------------
2044  |Info:    |               Detecting I2C PCI devices            |
2044  |Info:    ------------------------------------------------------
2045  |Info:    ------------------------------------------------------
2045  |Info:    |               Detecting HID devices                |
2045  |Info:    ------------------------------------------------------
2628  |Info:    [G502 LIGHTSPEED Wireless Gaming Mouse] Registering RGB controller
2628  |Info:    ------------------------------------------------------
2628  |Info:    |            Detecting libusb HID devices            |
2628  |Info:    ------------------------------------------------------
2707  |Info:    ------------------------------------------------------
2707  |Info:    |              Detecting other devices               |
2707  |Info:    ------------------------------------------------------
2712  |Info:    ------------------------------------------------------
2712  |Info:    |                Detection completed                 |
2712  |Info:    ------------------------------------------------------
