    OpenRGB v0.9+ (1.0rc1)
    Commit: 1fbacdea373361ecd2e0780c1db15cc3eb9aa538 from 2025-02-22 11:06:06 -0600
    Launched: 20250518_014825
====================================================================================================

65    |Info:    [ResourceManager] Initializing HID interfaces: Success
65    |Info:    ------------------------------------------------------
65    |Info:    |               Start device detection               |
65    |Info:    ------------------------------------------------------
70    |Info:    ------------------------------------------------------
70    |Info:    |             Detecting I2C interfaces               |
70    |Info:    ------------------------------------------------------
70    |Info:    [ResourceManager] Registering I2C interface: /dev/i2c-3 Device 1002:13C0 Subsystem: 1462:7E12
70    |Info:    [ResourceManager] Registering I2C interface: /dev/i2c-10 Device 10DE:2684 Subsystem: 1043:88C3
70    |Info:    [ResourceManager] Registering I2C interface: /dev/i2c-1 Device 1002:13C0 Subsystem: 1462:7E12
70    |Info:    [ResourceManager] Registering I2C interface: /dev/i2c-8 Device 1022:790B Subsystem: 1462:7E12
70    |Info:    [ResourceManager] Registering I2C interface: /dev/i2c-15 Device 10DE:2684 Subsystem: 1043:88C3
70    |Warning: [i2c_smbus_linux] Failed to read i2c device PCI device ID
70    |Info:    [ResourceManager] Registering I2C interface: /dev/i2c-6 Device 0000:0000 Subsystem: 0000:0000
70    |Info:    [ResourceManager] Registering I2C interface: /dev/i2c-13 Device 10DE:2684 Subsystem: 1043:88C3
70    |Warning: [i2c_smbus_linux] Failed to read i2c device PCI device ID
70    |Info:    [ResourceManager] Registering I2C interface: /dev/i2c-4 Device 0000:0000 Subsystem: 0000:0000
70    |Info:    [ResourceManager] Registering I2C interface: /dev/i2c-11 Device 10DE:2684 Subsystem: 1043:88C3
70    |Info:    [ResourceManager] Registering I2C interface: /dev/i2c-2 Device 1002:13C0 Subsystem: 1462:7E12
70    |Info:    [ResourceManager] Registering I2C interface: /dev/i2c-0 Device 1002:13C0 Subsystem: 1462:7E12
70    |Info:    [ResourceManager] Registering I2C interface: /dev/i2c-9 Device 1022:790B Subsystem: 1462:7E12
70    |Info:    [ResourceManager] Registering I2C interface: /dev/i2c-16 Device 10DE:2684 Subsystem: 1043:88C3
70    |Info:    [ResourceManager] Registering I2C interface: /dev/i2c-7 Device 1022:790B Subsystem: 1462:7E12
70    |Info:    [ResourceManager] Registering I2C interface: /dev/i2c-14 Device 10DE:2684 Subsystem: 1043:88C3
70    |Warning: [i2c_smbus_linux] Failed to read i2c device PCI device ID
70    |Info:    [ResourceManager] Registering I2C interface: /dev/i2c-5 Device 0000:0000 Subsystem: 0000:0000
71    |Info:    [ResourceManager] Registering I2C interface: /dev/i2c-12 Device 10DE:2684 Subsystem: 1043:88C3
71    |Info:    ------------------------------------------------------
71    |Info:    |               Detecting I2C devices                |
71    |Info:    ------------------------------------------------------
1102  |Info:    ------------------------------------------------------
1102  |Info:    |            Detecting I2C DIMM modules              |
1102  |Info:    ------------------------------------------------------
1236  |Info:    ------------------------------------------------------
1236  |Info:    |               Detecting I2C PCI devices            |
1236  |Info:    ------------------------------------------------------
1555  |Info:    [ASUS ROG STRIX GeForce RTX 4090 Gaming White OC] Registering RGB controller
2070  |Info:    ------------------------------------------------------
2070  |Info:    |               Detecting HID devices                |
2070  |Info:    ------------------------------------------------------
2431  |Info:    Unable add this Logitech device: Not Connected
2793  |Info:    Unable add this Logitech device: Not Connected
3155  |Info:    Unable add this Logitech device: Not Connected
3517  |Info:    Unable add this Logitech device: Not Connected
3879  |Info:    Unable add this Logitech device: Not Connected
4241  |Info:    Unable add this Logitech device: Not Connected
6745  |Info:    [G502 LIGHTSPEED Wireless Gaming Mouse] Registering RGB controller
6745  |Info:    ------------------------------------------------------
6745  |Info:    |            Detecting libusb HID devices            |
6745  |Info:    ------------------------------------------------------
6823  |Info:    ------------------------------------------------------
6823  |Info:    |              Detecting other devices               |
6823  |Info:    ------------------------------------------------------
6840  |Info:    [ResourceManager] Calling Post-detection callbacks
6840  |Info:    ------------------------------------------------------
6840  |Info:    |                Detection completed                 |
6840  |Info:    ------------------------------------------------------
