    OpenRGB v0.9
    Commit:  from 
    Launched: 20250517_170248
====================================================================================================

1001  |Info:    ------------------------------------------------------
1001  |Info:    |               Start device detection               |
1001  |Info:    ------------------------------------------------------
1001  |Info:    Initializing HID interfaces: Success
1006  |Info:    ------------------------------------------------------
1006  |Info:    |             Detecting I2C interfaces               |
1006  |Info:    ------------------------------------------------------
1006  |Info:    Registering I2C interface: /dev/i2c-3 Device 1002:13C0 Subsystem: 1462:7E12
1006  |Info:    Registering I2C interface: /dev/i2c-10 Device 10DE:2684 Subsystem: 1043:88C3
1006  |Info:    Registering I2C interface: /dev/i2c-1 Device 1002:13C0 Subsystem: 1462:7E12
1006  |Info:    Registering I2C interface: /dev/i2c-8 Device 1022:790B Subsystem: 1462:7E12
1006  |Info:    Registering I2C interface: /dev/i2c-15 Device 10DE:2684 Subsystem: 1043:88C3
1006  |Warning: [i2c_smbus_linux] Failed to read i2c device PCI device ID
1006  |Info:    Registering I2C interface: /dev/i2c-6 Device 0000:0000 Subsystem: 0000:0000
1006  |Info:    Registering I2C interface: /dev/i2c-13 Device 10DE:2684 Subsystem: 1043:88C3
1006  |Warning: [i2c_smbus_linux] Failed to read i2c device PCI device ID
1006  |Info:    Registering I2C interface: /dev/i2c-4 Device 0000:0000 Subsystem: 0000:0000
1006  |Info:    Registering I2C interface: /dev/i2c-11 Device 10DE:2684 Subsystem: 1043:88C3
1006  |Info:    Registering I2C interface: /dev/i2c-2 Device 1002:13C0 Subsystem: 1462:7E12
1006  |Info:    Registering I2C interface: /dev/i2c-0 Device 1002:13C0 Subsystem: 1462:7E12
1006  |Info:    Registering I2C interface: /dev/i2c-9 Device 1022:790B Subsystem: 1462:7E12
1006  |Info:    Registering I2C interface: /dev/i2c-16 Device 10DE:2684 Subsystem: 1043:88C3
1006  |Info:    Registering I2C interface: /dev/i2c-7 Device 1022:790B Subsystem: 1462:7E12
1006  |Info:    Registering I2C interface: /dev/i2c-14 Device 10DE:2684 Subsystem: 1043:88C3
1006  |Warning: [i2c_smbus_linux] Failed to read i2c device PCI device ID
1006  |Info:    Registering I2C interface: /dev/i2c-5 Device 0000:0000 Subsystem: 0000:0000
1006  |Info:    Registering I2C interface: /dev/i2c-12 Device 10DE:2684 Subsystem: 1043:88C3
1006  |Info:    ------------------------------------------------------
1006  |Info:    |               Detecting I2C devices                |
1006  |Info:    ------------------------------------------------------
2043  |Info:    ------------------------------------------------------
2043  |Info:    |               Detecting I2C PCI devices            |
2043  |Info:    ------------------------------------------------------
2044  |Info:    ------------------------------------------------------
2044  |Info:    |               Detecting HID devices                |
2044  |Info:    ------------------------------------------------------
3223  |Info:    [G502 LIGHTSPEED Wireless Gaming Mouse] Registering RGB controller
3223  |Info:    ------------------------------------------------------
3223  |Info:    |            Detecting libusb HID devices            |
3223  |Info:    ------------------------------------------------------
3300  |Info:    ------------------------------------------------------
3300  |Info:    |              Detecting other devices               |
3300  |Info:    ------------------------------------------------------
3305  |Info:    ------------------------------------------------------
3305  |Info:    |                Detection completed                 |
3305  |Info:    ------------------------------------------------------
12739 |Info:    ------------------------------------------------------
12739 |Info:    |               Start device detection               |
12739 |Info:    ------------------------------------------------------
12739 |Info:    Initializing HID interfaces: Success
12743 |Info:    ------------------------------------------------------
12743 |Info:    |             Detecting I2C interfaces               |
12743 |Info:    ------------------------------------------------------
12743 |Info:    Registering I2C interface: /dev/i2c-3 Device 1002:13C0 Subsystem: 1462:7E12
12743 |Info:    Registering I2C interface: /dev/i2c-10 Device 10DE:2684 Subsystem: 1043:88C3
12743 |Info:    Registering I2C interface: /dev/i2c-1 Device 1002:13C0 Subsystem: 1462:7E12
12743 |Info:    Registering I2C interface: /dev/i2c-8 Device 1022:790B Subsystem: 1462:7E12
12743 |Info:    Registering I2C interface: /dev/i2c-15 Device 10DE:2684 Subsystem: 1043:88C3
12743 |Warning: [i2c_smbus_linux] Failed to read i2c device PCI device ID
12743 |Info:    Registering I2C interface: /dev/i2c-6 Device 0000:0000 Subsystem: 0000:0000
12743 |Info:    Registering I2C interface: /dev/i2c-13 Device 10DE:2684 Subsystem: 1043:88C3
12743 |Warning: [i2c_smbus_linux] Failed to read i2c device PCI device ID
12743 |Info:    Registering I2C interface: /dev/i2c-4 Device 0000:0000 Subsystem: 0000:0000
12743 |Info:    Registering I2C interface: /dev/i2c-11 Device 10DE:2684 Subsystem: 1043:88C3
12743 |Info:    Registering I2C interface: /dev/i2c-2 Device 1002:13C0 Subsystem: 1462:7E12
12743 |Info:    Registering I2C interface: /dev/i2c-0 Device 1002:13C0 Subsystem: 1462:7E12
12743 |Info:    Registering I2C interface: /dev/i2c-9 Device 1022:790B Subsystem: 1462:7E12
12743 |Info:    Registering I2C interface: /dev/i2c-16 Device 10DE:2684 Subsystem: 1043:88C3
12743 |Info:    Registering I2C interface: /dev/i2c-7 Device 1022:790B Subsystem: 1462:7E12
12743 |Info:    Registering I2C interface: /dev/i2c-14 Device 10DE:2684 Subsystem: 1043:88C3
12766 |Warning: [i2c_smbus_linux] Failed to read i2c device PCI device ID
12766 |Info:    Registering I2C interface: /dev/i2c-5 Device 0000:0000 Subsystem: 0000:0000
12766 |Info:    Registering I2C interface: /dev/i2c-12 Device 10DE:2684 Subsystem: 1043:88C3
12766 |Info:    ------------------------------------------------------
12766 |Info:    |               Detecting I2C devices                |
12766 |Info:    ------------------------------------------------------
13801 |Info:    ------------------------------------------------------
13801 |Info:    |               Detecting I2C PCI devices            |
13801 |Info:    ------------------------------------------------------
13802 |Info:    ------------------------------------------------------
13802 |Info:    |               Detecting HID devices                |
13802 |Info:    ------------------------------------------------------
14364 |Info:    [G502 LIGHTSPEED Wireless Gaming Mouse] Registering RGB controller
14364 |Info:    ------------------------------------------------------
14364 |Info:    |            Detecting libusb HID devices            |
14364 |Info:    ------------------------------------------------------
14435 |Info:    ------------------------------------------------------
14436 |Info:    |              Detecting other devices               |
14436 |Info:    ------------------------------------------------------
14436 |Info:    ------------------------------------------------------
14436 |Info:    |                Detection completed                 |
14436 |Info:    ------------------------------------------------------
