    OpenRGB v0.9+ (1.0rc1)
    Commit: 1fbacdea373361ecd2e0780c1db15cc3eb9aa538 from 2025-02-22 11:06:06 -0600
    Launched: 20250519_212154
====================================================================================================

63    |Info:    [ResourceManager] Initializing HID interfaces: Success
63    |Info:    ------------------------------------------------------
63    |Info:    |               Start device detection               |
63    |Info:    ------------------------------------------------------
67    |Info:    ------------------------------------------------------
67    |Info:    |             Detecting I2C interfaces               |
67    |Info:    ------------------------------------------------------
67    |Info:    [ResourceManager] Registering I2C interface: /dev/i2c-3 Device 1002:13C0 Subsystem: 1462:7E12
67    |Info:    [ResourceManager] Registering I2C interface: /dev/i2c-10 Device 10DE:2684 Subsystem: 1043:88C3
67    |Info:    [ResourceManager] Registering I2C interface: /dev/i2c-1 Device 1002:13C0 Subsystem: 1462:7E12
67    |Info:    [ResourceManager] Registering I2C interface: /dev/i2c-8 Device 1022:790B Subsystem: 1462:7E12
67    |Info:    [ResourceManager] Registering I2C interface: /dev/i2c-15 Device 10DE:2684 Subsystem: 1043:88C3
67    |Warning: [i2c_smbus_linux] Failed to read i2c device PCI device ID
67    |Info:    [ResourceManager] Registering I2C interface: /dev/i2c-6 Device 0000:0000 Subsystem: 0000:0000
67    |Info:    [ResourceManager] Registering I2C interface: /dev/i2c-13 Device 10DE:2684 Subsystem: 1043:88C3
67    |Warning: [i2c_smbus_linux] Failed to read i2c device PCI device ID
67    |Info:    [ResourceManager] Registering I2C interface: /dev/i2c-4 Device 0000:0000 Subsystem: 0000:0000
67    |Info:    [ResourceManager] Registering I2C interface: /dev/i2c-11 Device 10DE:2684 Subsystem: 1043:88C3
67    |Info:    [ResourceManager] Registering I2C interface: /dev/i2c-2 Device 1002:13C0 Subsystem: 1462:7E12
67    |Info:    [ResourceManager] Registering I2C interface: /dev/i2c-0 Device 1002:13C0 Subsystem: 1462:7E12
67    |Info:    [ResourceManager] Registering I2C interface: /dev/i2c-9 Device 1022:790B Subsystem: 1462:7E12
67    |Info:    [ResourceManager] Registering I2C interface: /dev/i2c-16 Device 10DE:2684 Subsystem: 1043:88C3
67    |Info:    [ResourceManager] Registering I2C interface: /dev/i2c-7 Device 1022:790B Subsystem: 1462:7E12
67    |Info:    [ResourceManager] Registering I2C interface: /dev/i2c-14 Device 10DE:2684 Subsystem: 1043:88C3
67    |Warning: [i2c_smbus_linux] Failed to read i2c device PCI device ID
67    |Info:    [ResourceManager] Registering I2C interface: /dev/i2c-5 Device 0000:0000 Subsystem: 0000:0000
67    |Info:    [ResourceManager] Registering I2C interface: /dev/i2c-12 Device 10DE:2684 Subsystem: 1043:88C3
67    |Info:    ------------------------------------------------------
67    |Info:    |               Detecting I2C devices                |
67    |Info:    ------------------------------------------------------
1098  |Info:    ------------------------------------------------------
1098  |Info:    |            Detecting I2C DIMM modules              |
1098  |Info:    ------------------------------------------------------
1231  |Info:    ------------------------------------------------------
1231  |Info:    |               Detecting I2C PCI devices            |
1231  |Info:    ------------------------------------------------------
1578  |Info:    [ASUS ROG STRIX GeForce RTX 4090 Gaming White OC] Registering RGB controller
2094  |Info:    ------------------------------------------------------
2094  |Info:    |               Detecting HID devices                |
2094  |Info:    ------------------------------------------------------
2169  |Info:    [MSI MAG X670E TOMAHAWK WIFI (MS-7E12)] Registering RGB controller
2240  |Info:    [Lian Li Uni Hub - SL Infinity] Registering RGB controller
7976  |Info:    [G502 LIGHTSPEED Wireless Gaming Mouse] Registering RGB controller
7976  |Info:    ------------------------------------------------------
7976  |Info:    |            Detecting libusb HID devices            |
7976  |Info:    ------------------------------------------------------
8086  |Info:    ------------------------------------------------------
8086  |Info:    |              Detecting other devices               |
8086  |Info:    ------------------------------------------------------
8098  |Info:    [ResourceManager] Calling Post-detection callbacks
8098  |Info:    ------------------------------------------------------
8098  |Info:    |                Detection completed                 |
8098  |Info:    ------------------------------------------------------
